<?xml version="1.0" encoding="UTF-8"?>
<testng-results ignored="0" total="1" passed="1" failed="0" skipped="0">
  <reporter-output>
  </reporter-output>
  <suite started-at="2023-05-21T15:30:50 PKT" name="Phase1 Suite" finished-at="2023-05-21T15:31:15 PKT" duration-ms="24749">
    <groups>
    </groups>
    <test started-at="2023-05-21T15:30:50 PKT" name="Test" finished-at="2023-05-21T15:31:15 PKT" duration-ms="24749">
      <class name="WalletHubReviewTests">
        <test-method signature="writeAReviewAndAssert()[pri:0, instance:WalletHubReviewTests@8b96fde]" started-at="2023-05-21T15:30:50 PKT" name="writeAReviewAndAssert" finished-at="2023-05-21T15:31:15 PKT" duration-ms="24714" status="PASS">
          <reporter-output>
          </reporter-output>
        </test-method> <!-- writeAReviewAndAssert -->
      </class> <!-- WalletHubReviewTests -->
    </test> <!-- Test -->
  </suite> <!-- Phase1 Suite -->
</testng-results>
